U:\myuvnc_dev_20170307\libjpeg-turbo-win\DebugLib-Static\cl.command.1.tlog
U:\myuvnc_dev_20170307\libjpeg-turbo-win\DebugLib-Static\CL.read.1.tlog
U:\myuvnc_dev_20170307\libjpeg-turbo-win\DebugLib-Static\CL.write.1.tlog
U:\myuvnc_dev_20170307\libjpeg-turbo-win\DebugLib-Static\custombuild.command.1.tlog
U:\myuvnc_dev_20170307\libjpeg-turbo-win\DebugLib-Static\custombuild.read.1.tlog
U:\myuvnc_dev_20170307\libjpeg-turbo-win\DebugLib-Static\custombuild.write.1.tlog
U:\myuvnc_dev_20170307\libjpeg-turbo-win\DebugLib-Static\jaricom.obj
U:\myuvnc_dev_20170307\libjpeg-turbo-win\DebugLib-Static\jcapimin.obj
U:\myuvnc_dev_20170307\libjpeg-turbo-win\DebugLib-Static\jcapistd.obj
U:\myuvnc_dev_20170307\libjpeg-turbo-win\DebugLib-Static\jcarith.obj
U:\myuvnc_dev_20170307\libjpeg-turbo-win\DebugLib-Static\jccoefct.obj
U:\myuvnc_dev_20170307\libjpeg-turbo-win\DebugLib-Static\jccolor.obj
U:\myuvnc_dev_20170307\libjpeg-turbo-win\DebugLib-Static\jcdctmgr.obj
U:\myuvnc_dev_20170307\libjpeg-turbo-win\DebugLib-Static\jchuff.obj
U:\myuvnc_dev_20170307\libjpeg-turbo-win\DebugLib-Static\jcinit.obj
U:\myuvnc_dev_20170307\libjpeg-turbo-win\DebugLib-Static\jcmainct.obj
U:\myuvnc_dev_20170307\libjpeg-turbo-win\DebugLib-Static\jcmarker.obj
U:\myuvnc_dev_20170307\libjpeg-turbo-win\DebugLib-Static\jcmaster.obj
U:\myuvnc_dev_20170307\libjpeg-turbo-win\DebugLib-Static\jcomapi.obj
U:\myuvnc_dev_20170307\libjpeg-turbo-win\DebugLib-Static\jcparam.obj
U:\myuvnc_dev_20170307\libjpeg-turbo-win\DebugLib-Static\jcphuff.obj
U:\myuvnc_dev_20170307\libjpeg-turbo-win\DebugLib-Static\jcprepct.obj
U:\myuvnc_dev_20170307\libjpeg-turbo-win\DebugLib-Static\jcsample.obj
U:\myuvnc_dev_20170307\libjpeg-turbo-win\DebugLib-Static\jctrans.obj
U:\myuvnc_dev_20170307\libjpeg-turbo-win\DebugLib-Static\jdapimin.obj
U:\myuvnc_dev_20170307\libjpeg-turbo-win\DebugLib-Static\jdapistd.obj
U:\myuvnc_dev_20170307\libjpeg-turbo-win\DebugLib-Static\jdarith.obj
U:\myuvnc_dev_20170307\libjpeg-turbo-win\DebugLib-Static\jdatadst.obj
U:\myuvnc_dev_20170307\libjpeg-turbo-win\DebugLib-Static\jdatasrc.obj
U:\myuvnc_dev_20170307\libjpeg-turbo-win\DebugLib-Static\jdcoefct.obj
U:\myuvnc_dev_20170307\libjpeg-turbo-win\DebugLib-Static\jdcolor.obj
U:\myuvnc_dev_20170307\libjpeg-turbo-win\DebugLib-Static\jddctmgr.obj
U:\myuvnc_dev_20170307\libjpeg-turbo-win\DebugLib-Static\jdhuff.obj
U:\myuvnc_dev_20170307\libjpeg-turbo-win\DebugLib-Static\jdinput.obj
U:\myuvnc_dev_20170307\libjpeg-turbo-win\DebugLib-Static\jdmainct.obj
U:\myuvnc_dev_20170307\libjpeg-turbo-win\DebugLib-Static\jdmarker.obj
U:\myuvnc_dev_20170307\libjpeg-turbo-win\DebugLib-Static\jdmaster.obj
U:\myuvnc_dev_20170307\libjpeg-turbo-win\DebugLib-Static\jdmerge.obj
U:\myuvnc_dev_20170307\libjpeg-turbo-win\DebugLib-Static\jdphuff.obj
U:\myuvnc_dev_20170307\libjpeg-turbo-win\DebugLib-Static\jdpostct.obj
U:\myuvnc_dev_20170307\libjpeg-turbo-win\DebugLib-Static\jdsample.obj
U:\myuvnc_dev_20170307\libjpeg-turbo-win\DebugLib-Static\jdtrans.obj
U:\myuvnc_dev_20170307\libjpeg-turbo-win\DebugLib-Static\jerror.obj
U:\myuvnc_dev_20170307\libjpeg-turbo-win\DebugLib-Static\jfdctflt.obj
U:\myuvnc_dev_20170307\libjpeg-turbo-win\DebugLib-Static\jfdctfst.obj
U:\myuvnc_dev_20170307\libjpeg-turbo-win\DebugLib-Static\jfdctint.obj
U:\myuvnc_dev_20170307\libjpeg-turbo-win\DebugLib-Static\jidctflt.obj
U:\myuvnc_dev_20170307\libjpeg-turbo-win\DebugLib-Static\jidctfst.obj
U:\myuvnc_dev_20170307\libjpeg-turbo-win\DebugLib-Static\jidctint.obj
U:\myuvnc_dev_20170307\libjpeg-turbo-win\DebugLib-Static\jidctred.obj
U:\myuvnc_dev_20170307\libjpeg-turbo-win\DebugLib-Static\jmemmgr.obj
U:\myuvnc_dev_20170307\libjpeg-turbo-win\DebugLib-Static\jmemnobs.obj
U:\myuvnc_dev_20170307\libjpeg-turbo-win\DebugLib-Static\jquant1.obj
U:\myuvnc_dev_20170307\libjpeg-turbo-win\DebugLib-Static\jquant2.obj
U:\myuvnc_dev_20170307\libjpeg-turbo-win\DebugLib-Static\jsimd_i386.obj
U:\myuvnc_dev_20170307\libjpeg-turbo-win\DebugLib-Static\jutils.obj
U:\myuvnc_dev_20170307\libjpeg-turbo-win\DebugLib-Static\lib.command.1.tlog
U:\myuvnc_dev_20170307\libjpeg-turbo-win\DebugLib-Static\libjpeg-turbo-win.vcxprojResolveAssemblyReference.cache
U:\myuvnc_dev_20170307\libjpeg-turbo-win\DebugLib-Static\libjpeg-turbo-win.write.1.tlog
U:\myuvnc_dev_20170307\libjpeg-turbo-win\DebugLib-Static\Lib-link.read.1.tlog
U:\myuvnc_dev_20170307\libjpeg-turbo-win\DebugLib-Static\Lib-link.write.1.tlog
U:\myuvnc_dev_20170307\libjpeg-turbo-win\DebugLib-Static\vc100.idb
U:\MYUVNC_DEV_20170307\LIBJPEG-TURBO-WIN\DEBUGLIB-STATIC\VC100.PDB
U:\MYUVNC_DEV_20170307\VNCVIEWER\DEBUGLIB-STATIC\JCCOLMMX.OBJ
U:\MYUVNC_DEV_20170307\VNCVIEWER\DEBUGLIB-STATIC\JCCOLSS2.OBJ
U:\MYUVNC_DEV_20170307\VNCVIEWER\DEBUGLIB-STATIC\JCGRAMMX.OBJ
U:\MYUVNC_DEV_20170307\VNCVIEWER\DEBUGLIB-STATIC\JCGRASS2.OBJ
U:\MYUVNC_DEV_20170307\VNCVIEWER\DEBUGLIB-STATIC\JCQNT3DN.OBJ
U:\MYUVNC_DEV_20170307\VNCVIEWER\DEBUGLIB-STATIC\JCQNTMMX.OBJ
U:\MYUVNC_DEV_20170307\VNCVIEWER\DEBUGLIB-STATIC\JCQNTS2F.OBJ
U:\MYUVNC_DEV_20170307\VNCVIEWER\DEBUGLIB-STATIC\JCQNTS2I.OBJ
U:\MYUVNC_DEV_20170307\VNCVIEWER\DEBUGLIB-STATIC\JCQNTSSE.OBJ
U:\MYUVNC_DEV_20170307\VNCVIEWER\DEBUGLIB-STATIC\JCSAMMMX.OBJ
U:\MYUVNC_DEV_20170307\VNCVIEWER\DEBUGLIB-STATIC\JCSAMSS2.OBJ
U:\MYUVNC_DEV_20170307\VNCVIEWER\DEBUGLIB-STATIC\JDCOLMMX.OBJ
U:\MYUVNC_DEV_20170307\VNCVIEWER\DEBUGLIB-STATIC\JDCOLSS2.OBJ
U:\MYUVNC_DEV_20170307\VNCVIEWER\DEBUGLIB-STATIC\JDMERMMX.OBJ
U:\MYUVNC_DEV_20170307\VNCVIEWER\DEBUGLIB-STATIC\JDMERSS2.OBJ
U:\MYUVNC_DEV_20170307\VNCVIEWER\DEBUGLIB-STATIC\JDSAMMMX.OBJ
U:\MYUVNC_DEV_20170307\VNCVIEWER\DEBUGLIB-STATIC\JDSAMSS2.OBJ
U:\MYUVNC_DEV_20170307\VNCVIEWER\DEBUGLIB-STATIC\JF3DNFLT.OBJ
U:\MYUVNC_DEV_20170307\VNCVIEWER\DEBUGLIB-STATIC\JFMMXFST.OBJ
U:\MYUVNC_DEV_20170307\VNCVIEWER\DEBUGLIB-STATIC\JFMMXINT.OBJ
U:\MYUVNC_DEV_20170307\VNCVIEWER\DEBUGLIB-STATIC\JFSS2FST.OBJ
U:\MYUVNC_DEV_20170307\VNCVIEWER\DEBUGLIB-STATIC\JFSS2INT.OBJ
U:\MYUVNC_DEV_20170307\VNCVIEWER\DEBUGLIB-STATIC\JFSSEFLT.OBJ
U:\MYUVNC_DEV_20170307\VNCVIEWER\DEBUGLIB-STATIC\JI3DNFLT.OBJ
U:\MYUVNC_DEV_20170307\VNCVIEWER\DEBUGLIB-STATIC\JIMMXFST.OBJ
U:\MYUVNC_DEV_20170307\VNCVIEWER\DEBUGLIB-STATIC\JIMMXINT.OBJ
U:\MYUVNC_DEV_20170307\VNCVIEWER\DEBUGLIB-STATIC\JIMMXRED.OBJ
U:\MYUVNC_DEV_20170307\VNCVIEWER\DEBUGLIB-STATIC\JISS2FLT.OBJ
U:\MYUVNC_DEV_20170307\VNCVIEWER\DEBUGLIB-STATIC\JISS2FST.OBJ
U:\MYUVNC_DEV_20170307\VNCVIEWER\DEBUGLIB-STATIC\JISS2INT.OBJ
U:\MYUVNC_DEV_20170307\VNCVIEWER\DEBUGLIB-STATIC\JISS2RED.OBJ
U:\MYUVNC_DEV_20170307\VNCVIEWER\DEBUGLIB-STATIC\JISSEFLT.OBJ
U:\MYUVNC_DEV_20170307\VNCVIEWER\DEBUGLIB-STATIC\JSIMDCPU.OBJ
U:\myuvnc_dev_20170307\vncviewer\DebugLib-Static\libjpeg-turbo-win.lib
