生成启动时间为 2017/3/7 15:40:35。
     1>项目“U:\myuvnc_dev_20170307\libjpeg-turbo-win\libjpeg-turbo-win.vcxproj”在节点 2 上(build 个目标)。
     1>InitializeBuildStatus:
         正在创建“DebugLib-Static\libjpeg-turbo-win.unsuccessfulbuild”，因为已指定“AlwaysCreate”。
       CustomBuild:
         所有输出均为最新。
       ClCompile:
         所有输出均为最新。
       Lib:
         C:\Program Files (x86)\Microsoft Visual Studio 10.0\VC\bin\Lib.exe /OUT:"U:\myuvnc_dev_20170307\vncviewer\DebugLib-Static\libjpeg-turbo-win.lib" /NOLOGO "U:\myuvnc_dev_20170307\vncviewer\DebugLib-Static\jccolmmx.obj"
         "U:\myuvnc_dev_20170307\vncviewer\DebugLib-Static\jccolss2.obj"
         "U:\myuvnc_dev_20170307\vncviewer\DebugLib-Static\jcqnt3dn.obj"
         "U:\myuvnc_dev_20170307\vncviewer\DebugLib-Static\jcqntmmx.obj"
         "U:\myuvnc_dev_20170307\vncviewer\DebugLib-Static\jcqnts2f.obj"
         "U:\myuvnc_dev_20170307\vncviewer\DebugLib-Static\jcqnts2i.obj"
         "U:\myuvnc_dev_20170307\vncviewer\DebugLib-Static\jcqntsse.obj"
         "U:\myuvnc_dev_20170307\vncviewer\DebugLib-Static\jcsammmx.obj"
         "U:\myuvnc_dev_20170307\vncviewer\DebugLib-Static\jcsamss2.obj"
         "U:\myuvnc_dev_20170307\vncviewer\DebugLib-Static\jdcolmmx.obj"
         "U:\myuvnc_dev_20170307\vncviewer\DebugLib-Static\jdcolss2.obj"
         "U:\myuvnc_dev_20170307\vncviewer\DebugLib-Static\jdmermmx.obj"
         "U:\myuvnc_dev_20170307\vncviewer\DebugLib-Static\jdmerss2.obj"
         "U:\myuvnc_dev_20170307\vncviewer\DebugLib-Static\jdsammmx.obj"
         "U:\myuvnc_dev_20170307\vncviewer\DebugLib-Static\jdsamss2.obj"
         "U:\myuvnc_dev_20170307\vncviewer\DebugLib-Static\jf3dnflt.obj"
         "U:\myuvnc_dev_20170307\vncviewer\DebugLib-Static\jfmmxfst.obj"
         "U:\myuvnc_dev_20170307\vncviewer\DebugLib-Static\jfmmxint.obj"
         "U:\myuvnc_dev_20170307\vncviewer\DebugLib-Static\jfss2fst.obj"
         "U:\myuvnc_dev_20170307\vncviewer\DebugLib-Static\jfss2int.obj"
         "U:\myuvnc_dev_20170307\vncviewer\DebugLib-Static\jfsseflt.obj"
         "U:\myuvnc_dev_20170307\vncviewer\DebugLib-Static\ji3dnflt.obj"
         "U:\myuvnc_dev_20170307\vncviewer\DebugLib-Static\jimmxfst.obj"
         "U:\myuvnc_dev_20170307\vncviewer\DebugLib-Static\jimmxint.obj"
         "U:\myuvnc_dev_20170307\vncviewer\DebugLib-Static\jimmxred.obj"
         "U:\myuvnc_dev_20170307\vncviewer\DebugLib-Static\jiss2flt.obj"
         "U:\myuvnc_dev_20170307\vncviewer\DebugLib-Static\jiss2fst.obj"
         "U:\myuvnc_dev_20170307\vncviewer\DebugLib-Static\jiss2int.obj"
         "U:\myuvnc_dev_20170307\vncviewer\DebugLib-Static\jiss2red.obj"
         "U:\myuvnc_dev_20170307\vncviewer\DebugLib-Static\jisseflt.obj"
         "U:\myuvnc_dev_20170307\vncviewer\DebugLib-Static\jsimdcpu.obj"
         "U:\myuvnc_dev_20170307\vncviewer\DebugLib-Static\jcgrass2.obj"
         "U:\myuvnc_dev_20170307\vncviewer\DebugLib-Static\jcgrammx.obj"
         "DebugLib-Static\jaricom.obj"
         "DebugLib-Static\jcapimin.obj"
         "DebugLib-Static\jcapistd.obj"
         "DebugLib-Static\jcarith.obj"
         "DebugLib-Static\jccoefct.obj"
         "DebugLib-Static\jccolor.obj"
         "DebugLib-Static\jcdctmgr.obj"
         "DebugLib-Static\jchuff.obj"
         "DebugLib-Static\jcinit.obj"
         "DebugLib-Static\jcmainct.obj"
         "DebugLib-Static\jcmarker.obj"
         "DebugLib-Static\jcmaster.obj"
         "DebugLib-Static\jcomapi.obj"
         "DebugLib-Static\jcparam.obj"
         "DebugLib-Static\jcphuff.obj"
         "DebugLib-Static\jcprepct.obj"
         "DebugLib-Static\jcsample.obj"
         "DebugLib-Static\jctrans.obj"
         "DebugLib-Static\jdapimin.obj"
         "DebugLib-Static\jdapistd.obj"
         "DebugLib-Static\jdarith.obj"
         "DebugLib-Static\jdatadst.obj"
         "DebugLib-Static\jdatasrc.obj"
         "DebugLib-Static\jdcoefct.obj"
         "DebugLib-Static\jdcolor.obj"
         "DebugLib-Static\jddctmgr.obj"
         "DebugLib-Static\jdhuff.obj"
         "DebugLib-Static\jdinput.obj"
         "DebugLib-Static\jdmainct.obj"
         "DebugLib-Static\jdmarker.obj"
         "DebugLib-Static\jdmaster.obj"
         "DebugLib-Static\jdmerge.obj"
         "DebugLib-Static\jdphuff.obj"
         "DebugLib-Static\jdpostct.obj"
         "DebugLib-Static\jdsample.obj"
         "DebugLib-Static\jdtrans.obj"
         "DebugLib-Static\jerror.obj"
         "DebugLib-Static\jfdctflt.obj"
         "DebugLib-Static\jfdctfst.obj"
         "DebugLib-Static\jfdctint.obj"
         "DebugLib-Static\jidctflt.obj"
         "DebugLib-Static\jidctfst.obj"
         "DebugLib-Static\jidctint.obj"
         "DebugLib-Static\jidctred.obj"
         "DebugLib-Static\jmemmgr.obj"
         "DebugLib-Static\jmemnobs.obj"
         "DebugLib-Static\jquant1.obj"
         "DebugLib-Static\jquant2.obj"
         "DebugLib-Static\jsimd_i386.obj"
         "DebugLib-Static\jutils.obj"
         libjpeg-turbo-win.vcxproj -> U:\myuvnc_dev_20170307\vncviewer\DebugLib-Static\libjpeg-turbo-win.lib
       FinalizeBuildStatus:
         正在删除文件“DebugLib-Static\libjpeg-turbo-win.unsuccessfulbuild”。
         正在对“DebugLib-Static\libjpeg-turbo-win.lastbuildstate”执行 Touch 任务。
     1>已完成生成项目“U:\myuvnc_dev_20170307\libjpeg-turbo-win\libjpeg-turbo-win.vcxproj”(build 个目标)的操作。

生成成功。

已用时间 00:00:02.61
