U:\MYUVNC_DEV_20170307\VNCVIEWER\DEBUG\ABOUTBOX.OBJ
U:\MYUVNC_DEV_20170307\VNCVIEWER\DEBUG\ABOUTBOX.SBR
U:\MYUVNC_DEV_20170307\VNCVIEWER\DEBUG\ACCELKEYS.OBJ
U:\MYUVNC_DEV_20170307\VNCVIEWER\DEBUG\ACCELKEYS.SBR
U:\MYUVNC_DEV_20170307\VNCVIEWER\DEBUG\AUTHDIALOG.OBJ
U:\MYUVNC_DEV_20170307\VNCVIEWER\DEBUG\AUTHDIALOG.SBR
U:\myuvnc_dev_20170307\vncviewer\Debug\BscMake.command.1.tlog
U:\myuvnc_dev_20170307\vncviewer\Debug\bscmake.read.1.tlog
U:\myuvnc_dev_20170307\vncviewer\Debug\bscmake.write.1.tlog
U:\MYUVNC_DEV_20170307\VNCVIEWER\DEBUG\BUILDTIME.OBJ
U:\MYUVNC_DEV_20170307\VNCVIEWER\DEBUG\BUILDTIME.SBR
U:\myuvnc_dev_20170307\vncviewer\Debug\cl.command.1.tlog
U:\myuvnc_dev_20170307\vncviewer\Debug\CL.read.1.tlog
U:\myuvnc_dev_20170307\vncviewer\Debug\CL.write.1.tlog
U:\MYUVNC_DEV_20170307\VNCVIEWER\DEBUG\CLIENTCONNECTION.OBJ
U:\MYUVNC_DEV_20170307\VNCVIEWER\DEBUG\CLIENTCONNECTION.SBR
U:\MYUVNC_DEV_20170307\VNCVIEWER\DEBUG\CLIENTCONNECTIONCACHERECT.OBJ
U:\MYUVNC_DEV_20170307\VNCVIEWER\DEBUG\CLIENTCONNECTIONCACHERECT.SBR
U:\MYUVNC_DEV_20170307\VNCVIEWER\DEBUG\CLIENTCONNECTIONCLIPBOARD.OBJ
U:\MYUVNC_DEV_20170307\VNCVIEWER\DEBUG\CLIENTCONNECTIONCLIPBOARD.SBR
U:\MYUVNC_DEV_20170307\VNCVIEWER\DEBUG\CLIENTCONNECTIONCOPYRECT.OBJ
U:\MYUVNC_DEV_20170307\VNCVIEWER\DEBUG\CLIENTCONNECTIONCOPYRECT.SBR
U:\MYUVNC_DEV_20170307\VNCVIEWER\DEBUG\CLIENTCONNECTIONCORRE.OBJ
U:\MYUVNC_DEV_20170307\VNCVIEWER\DEBUG\CLIENTCONNECTIONCORRE.SBR
U:\MYUVNC_DEV_20170307\VNCVIEWER\DEBUG\CLIENTCONNECTIONCURSOR.OBJ
U:\MYUVNC_DEV_20170307\VNCVIEWER\DEBUG\CLIENTCONNECTIONCURSOR.SBR
U:\MYUVNC_DEV_20170307\VNCVIEWER\DEBUG\CLIENTCONNECTIONFILE.OBJ
U:\MYUVNC_DEV_20170307\VNCVIEWER\DEBUG\CLIENTCONNECTIONFILE.SBR
U:\MYUVNC_DEV_20170307\VNCVIEWER\DEBUG\CLIENTCONNECTIONFULLSCREEN.OBJ
U:\MYUVNC_DEV_20170307\VNCVIEWER\DEBUG\CLIENTCONNECTIONFULLSCREEN.SBR
U:\myuvnc_dev_20170307\vncviewer\Debug\ClientConnectionHextile.obj
U:\myuvnc_dev_20170307\vncviewer\Debug\ClientConnectionHextile.sbr
U:\myuvnc_dev_20170307\vncviewer\Debug\ClientConnectionRaw.obj
U:\myuvnc_dev_20170307\vncviewer\Debug\ClientConnectionRaw.sbr
U:\myuvnc_dev_20170307\vncviewer\Debug\ClientConnectionRRE.obj
U:\myuvnc_dev_20170307\vncviewer\Debug\ClientConnectionRRE.sbr
U:\myuvnc_dev_20170307\vncviewer\Debug\ClientConnectionTight.obj
U:\myuvnc_dev_20170307\vncviewer\Debug\ClientConnectionTight.sbr
U:\myuvnc_dev_20170307\vncviewer\Debug\ClientConnectionUltra.obj
U:\myuvnc_dev_20170307\vncviewer\Debug\ClientConnectionUltra.sbr
U:\myuvnc_dev_20170307\vncviewer\Debug\ClientConnectionUltra2.obj
U:\myuvnc_dev_20170307\vncviewer\Debug\ClientConnectionUltra2.sbr
U:\myuvnc_dev_20170307\vncviewer\Debug\ClientConnectionZlib.obj
U:\myuvnc_dev_20170307\vncviewer\Debug\ClientConnectionZlib.sbr
U:\myuvnc_dev_20170307\vncviewer\Debug\ClientConnectionZlibHex.obj
U:\myuvnc_dev_20170307\vncviewer\Debug\ClientConnectionZlibHex.sbr
U:\MYUVNC_DEV_20170307\VNCVIEWER\DEBUG\CLIPBOARD.OBJ
U:\myuvnc_dev_20170307\vncviewer\Debug\Clipboard.sbr
U:\myuvnc_dev_20170307\vncviewer\Debug\d3des.obj
U:\myuvnc_dev_20170307\vncviewer\Debug\d3des.sbr
U:\myuvnc_dev_20170307\vncviewer\Debug\Daemon.obj
U:\myuvnc_dev_20170307\vncviewer\Debug\Daemon.sbr
U:\MYUVNC_DEV_20170307\VNCVIEWER\DEBUG\DH.OBJ
U:\myuvnc_dev_20170307\vncviewer\Debug\dh.sbr
U:\myuvnc_dev_20170307\vncviewer\Debug\directxviewer.obj
U:\myuvnc_dev_20170307\vncviewer\Debug\directxviewer.sbr
U:\myuvnc_dev_20170307\vncviewer\Debug\display.obj
U:\myuvnc_dev_20170307\vncviewer\Debug\display.sbr
U:\MYUVNC_DEV_20170307\VNCVIEWER\DEBUG\DSMPLUGIN.OBJ
U:\myuvnc_dev_20170307\vncviewer\Debug\DSMPlugin.sbr
U:\myuvnc_dev_20170307\vncviewer\Debug\Exception.obj
U:\myuvnc_dev_20170307\vncviewer\Debug\Exception.sbr
U:\myuvnc_dev_20170307\vncviewer\Debug\FileTransfer.obj
U:\myuvnc_dev_20170307\vncviewer\Debug\FileTransfer.sbr
U:\myuvnc_dev_20170307\vncviewer\Debug\FullScreenTitleBar.obj
U:\myuvnc_dev_20170307\vncviewer\Debug\FullScreenTitleBar.sbr
U:\myuvnc_dev_20170307\vncviewer\Debug\KeyMap.obj
U:\myuvnc_dev_20170307\vncviewer\Debug\KeyMap.sbr
U:\myuvnc_dev_20170307\vncviewer\Debug\KeyMapjap.obj
U:\myuvnc_dev_20170307\vncviewer\Debug\KeyMapjap.sbr
U:\myuvnc_dev_20170307\vncviewer\Debug\link.command.1.tlog
U:\myuvnc_dev_20170307\vncviewer\Debug\link.read.1.tlog
U:\myuvnc_dev_20170307\vncviewer\Debug\link.write.1.tlog
U:\myuvnc_dev_20170307\vncviewer\Debug\link-cvtres.read.1.tlog
U:\myuvnc_dev_20170307\vncviewer\Debug\link-cvtres.write.1.tlog
U:\myuvnc_dev_20170307\vncviewer\Debug\Log.obj
U:\myuvnc_dev_20170307\vncviewer\Debug\Log.sbr
U:\myuvnc_dev_20170307\vncviewer\Debug\LowLevelHook.obj
U:\myuvnc_dev_20170307\vncviewer\Debug\LowLevelHook.sbr
U:\myuvnc_dev_20170307\vncviewer\Debug\MessBox2.obj
U:\myuvnc_dev_20170307\vncviewer\Debug\MessBox2.sbr
U:\myuvnc_dev_20170307\vncviewer\Debug\minilzo.obj
U:\myuvnc_dev_20170307\vncviewer\Debug\minilzo.sbr
U:\myuvnc_dev_20170307\vncviewer\Debug\MRU.obj
U:\myuvnc_dev_20170307\vncviewer\Debug\MRU.sbr
U:\myuvnc_dev_20170307\vncviewer\Debug\mt.command.1.tlog
U:\myuvnc_dev_20170307\vncviewer\Debug\mt.read.1.tlog
U:\myuvnc_dev_20170307\vncviewer\Debug\mt.write.1.tlog
U:\myuvnc_dev_20170307\vncviewer\Debug\rc.command.1.tlog
U:\myuvnc_dev_20170307\vncviewer\Debug\rc.read.1.tlog
U:\myuvnc_dev_20170307\vncviewer\Debug\rc.write.1.tlog
U:\myuvnc_dev_20170307\vncviewer\Debug\SessionDialog.obj
U:\myuvnc_dev_20170307\vncviewer\Debug\SessionDialog.sbr
U:\myuvnc_dev_20170307\vncviewer\Debug\stdhdrs.obj
U:\myuvnc_dev_20170307\vncviewer\Debug\stdhdrs.sbr
U:\myuvnc_dev_20170307\vncviewer\Debug\TextChat.obj
U:\myuvnc_dev_20170307\vncviewer\Debug\TextChat.sbr
U:\myuvnc_dev_20170307\vncviewer\Debug\vc100.idb
U:\MYUVNC_DEV_20170307\VNCVIEWER\DEBUG\VC100.PDB
U:\myuvnc_dev_20170307\vncviewer\Debug\vncauth.obj
U:\myuvnc_dev_20170307\vncviewer\Debug\vncauth.sbr
U:\myuvnc_dev_20170307\vncviewer\Debug\VNCOptions.obj
U:\myuvnc_dev_20170307\vncviewer\Debug\VNCOptions.sbr
U:\MYUVNC_DEV_20170307\VNCVIEWER\DEBUG\VNCVIEWER.BSC
U:\myuvnc_dev_20170307\vncviewer\Debug\vncviewer.exe
U:\myuvnc_dev_20170307\vncviewer\Debug\vncviewer.exe.embed.manifest
U:\myuvnc_dev_20170307\vncviewer\Debug\vncviewer.exe.embed.manifest.res
U:\myuvnc_dev_20170307\vncviewer\Debug\vncviewer.exe.intermediate.manifest
U:\myuvnc_dev_20170307\vncviewer\Debug\vncviewer.ilk
U:\myuvnc_dev_20170307\vncviewer\Debug\vncviewer.obj
U:\myuvnc_dev_20170307\vncviewer\Debug\vncviewer.pch
U:\MYUVNC_DEV_20170307\VNCVIEWER\DEBUG\VNCVIEWER.PDB
U:\myuvnc_dev_20170307\vncviewer\Debug\vncviewer.res
U:\myuvnc_dev_20170307\vncviewer\Debug\vncviewer.sbr
U:\myuvnc_dev_20170307\vncviewer\Debug\vncviewer.write.1.tlog
U:\myuvnc_dev_20170307\vncviewer\Debug\vncviewer_manifest.rc
U:\myuvnc_dev_20170307\vncviewer\Debug\VNCviewerApp.obj
U:\myuvnc_dev_20170307\vncviewer\Debug\VNCviewerApp.sbr
U:\myuvnc_dev_20170307\vncviewer\Debug\VNCviewerApp32.obj
U:\myuvnc_dev_20170307\vncviewer\Debug\VNCviewerApp32.sbr
U:\myuvnc_dev_20170307\vncviewer\Debug\win32_helpers.obj
U:\myuvnc_dev_20170307\vncviewer\Debug\win32_helpers.sbr
U:\myuvnc_dev_20170307\vncviewer\Debug\ZipUnzip32.obj
U:\myuvnc_dev_20170307\vncviewer\Debug\ZipUnzip32.sbr
U:\myuvnc_dev_20170307\vncviewer\Debug\zrle.obj
U:\myuvnc_dev_20170307\vncviewer\Debug\zrle.sbr
