生成启动时间为 2017/3/7 15:40:35。
     1>项目“U:\myuvnc_dev_20170307\zipunzip_src\zip20\windll\visualc\lib\zip32.vcxproj”在节点 4 上(build 个目标)。
     1>InitializeBuildStatus:
         正在创建“Debug\zip32.unsuccessfulbuild”，因为已指定“AlwaysCreate”。
       ClCompile:
         所有输出均为最新。
       ResourceCompile:
         C:\Program Files (x86)\Microsoft SDKs\Windows\v7.0A\bin\rc.exe /D _VC80_UPGRADE=0x0600 /l"0x0409" /I"\DATA\ultravnc\UltraVNC Project Root\UltraVNC\zipunzip_src\zip20\windll" /nologo /fo"Debug\windll.res" ..\..\windll.rc 
       Lib:
         C:\Program Files (x86)\Microsoft Visual Studio 10.0\VC\bin\Lib.exe /OUT:"U:\myuvnc_dev_20170307\vncviewer\Debug\zip32.lib" /NOLOGO /MACHINE:X86 Debug\windll.res
         Debug\api.obj
         Debug\crc32.obj
         Debug\crctab.obj
         Debug\crypt.obj
         Debug\deflate.obj
         Debug\fileio.obj
         Debug\globals.obj
         Debug\nt.obj
         Debug\trees.obj
         Debug\ttyio.obj
         Debug\util.obj
         Debug\win32.obj
         Debug\win32zip.obj
         Debug\windll.obj
         Debug\zip.obj
         Debug\zipfile.obj
         Debug\zipup.obj
         zip32.vcxproj -> U:\myuvnc_dev_20170307\vncviewer\Debug\zip32.lib
       FinalizeBuildStatus:
         正在删除文件“Debug\zip32.unsuccessfulbuild”。
         正在对“Debug\zip32.lastbuildstate”执行 Touch 任务。
     1>已完成生成项目“U:\myuvnc_dev_20170307\zipunzip_src\zip20\windll\visualc\lib\zip32.vcxproj”(build 个目标)的操作。

生成成功。

已用时间 00:00:01.29
