U:\myuvnc_dev_20170307\vncviewer\Debug\zip32.lib
U:\myuvnc_dev_20170307\zipunzip_src\zip20\windll\visualc\lib\Debug\api.obj
U:\myuvnc_dev_20170307\zipunzip_src\zip20\windll\visualc\lib\Debug\cl.command.1.tlog
U:\myuvnc_dev_20170307\zipunzip_src\zip20\windll\visualc\lib\Debug\CL.read.1.tlog
U:\myuvnc_dev_20170307\zipunzip_src\zip20\windll\visualc\lib\Debug\CL.write.1.tlog
U:\myuvnc_dev_20170307\zipunzip_src\zip20\windll\visualc\lib\Debug\crc32.obj
U:\myuvnc_dev_20170307\zipunzip_src\zip20\windll\visualc\lib\Debug\crctab.obj
U:\myuvnc_dev_20170307\zipunzip_src\zip20\windll\visualc\lib\Debug\crypt.obj
U:\myuvnc_dev_20170307\zipunzip_src\zip20\windll\visualc\lib\Debug\deflate.obj
U:\myuvnc_dev_20170307\zipunzip_src\zip20\windll\visualc\lib\Debug\fileio.obj
U:\myuvnc_dev_20170307\zipunzip_src\zip20\windll\visualc\lib\Debug\globals.obj
U:\myuvnc_dev_20170307\zipunzip_src\zip20\windll\visualc\lib\Debug\lib.command.1.tlog
U:\myuvnc_dev_20170307\zipunzip_src\zip20\windll\visualc\lib\Debug\Lib-link.read.1.tlog
U:\myuvnc_dev_20170307\zipunzip_src\zip20\windll\visualc\lib\Debug\Lib-link.write.1.tlog
U:\myuvnc_dev_20170307\zipunzip_src\zip20\windll\visualc\lib\Debug\Lib-link-cvtres.read.1.tlog
U:\myuvnc_dev_20170307\zipunzip_src\zip20\windll\visualc\lib\Debug\Lib-link-cvtres.write.1.tlog
U:\myuvnc_dev_20170307\zipunzip_src\zip20\windll\visualc\lib\Debug\nt.obj
U:\myuvnc_dev_20170307\zipunzip_src\zip20\windll\visualc\lib\Debug\rc.command.1.tlog
U:\myuvnc_dev_20170307\zipunzip_src\zip20\windll\visualc\lib\Debug\rc.read.1.tlog
U:\myuvnc_dev_20170307\zipunzip_src\zip20\windll\visualc\lib\Debug\rc.write.1.tlog
U:\myuvnc_dev_20170307\zipunzip_src\zip20\windll\visualc\lib\Debug\trees.obj
U:\myuvnc_dev_20170307\zipunzip_src\zip20\windll\visualc\lib\Debug\ttyio.obj
U:\myuvnc_dev_20170307\zipunzip_src\zip20\windll\visualc\lib\Debug\util.obj
U:\myuvnc_dev_20170307\zipunzip_src\zip20\windll\visualc\lib\Debug\win32.obj
U:\myuvnc_dev_20170307\zipunzip_src\zip20\windll\visualc\lib\Debug\win32zip.obj
U:\myuvnc_dev_20170307\zipunzip_src\zip20\windll\visualc\lib\Debug\windll.obj
U:\myuvnc_dev_20170307\zipunzip_src\zip20\windll\visualc\lib\Debug\windll.res
U:\myuvnc_dev_20170307\zipunzip_src\zip20\windll\visualc\lib\Debug\zip.obj
U:\myuvnc_dev_20170307\zipunzip_src\zip20\windll\visualc\lib\Debug\zip32.vcxprojResolveAssemblyReference.cache
U:\myuvnc_dev_20170307\zipunzip_src\zip20\windll\visualc\lib\Debug\zip32.write.1.tlog
U:\myuvnc_dev_20170307\zipunzip_src\zip20\windll\visualc\lib\Debug\zipfile.obj
U:\myuvnc_dev_20170307\zipunzip_src\zip20\windll\visualc\lib\Debug\zipup.obj
